{"C:\\Users\\Owner\\source\\repos\\Interview\\ClientServerTask\\src\\js\\input-change.js": {"path":"C:\\Users\\Owner\\source\\repos\\Interview\\ClientServerTask\\src\\js\\input-change.js","statementMap":{"0":{"start":{"line":1,"column":22},"end":{"line":8,"column":1}},"1":{"start":{"line":2,"column":23},"end":{"line":2,"column":44}},"2":{"start":{"line":3,"column":19},"end":{"line":3,"column":55}},"3":{"start":{"line":5,"column":2},"end":{"line":5,"column":31}},"4":{"start":{"line":6,"column":2},"end":{"line":6,"column":38}},"5":{"start":{"line":7,"column":2},"end":{"line":7,"column":43}},"6":{"start":{"line":10,"column":24},"end":{"line":17,"column":1}},"7":{"start":{"line":11,"column":23},"end":{"line":11,"column":44}},"8":{"start":{"line":12,"column":19},"end":{"line":12,"column":55}},"9":{"start":{"line":14,"column":2},"end":{"line":14,"column":26}},"10":{"start":{"line":15,"column":2},"end":{"line":15,"column":40}},"11":{"start":{"line":16,"column":2},"end":{"line":16,"column":41}}},"fnMap":{"0":{"name":"(anonymous_0)","decl":{"start":{"line":1,"column":22},"end":{"line":1,"column":23}},"loc":{"start":{"line":1,"column":44},"end":{"line":8,"column":1}},"line":1},"1":{"name":"(anonymous_1)","decl":{"start":{"line":10,"column":24},"end":{"line":10,"column":25}},"loc":{"start":{"line":10,"column":37},"end":{"line":17,"column":1}},"line":10}},"branchMap":{},"s":{"0":0,"1":0,"2":0,"3":0,"4":0,"5":0,"6":0,"7":0,"8":0,"9":0,"10":0,"11":0},"f":{"0":0,"1":0},"b":{}}
,"C:\\Users\\Owner\\source\\repos\\Interview\\ClientServerTask\\src\\js\\login-validation.js": {"path":"C:\\Users\\Owner\\source\\repos\\Interview\\ClientServerTask\\src\\js\\login-validation.js","statementMap":{"0":{"start":{"line":3,"column":13},"end":{"line":3,"column":44}},"1":{"start":{"line":4,"column":14},"end":{"line":4,"column":46}},"2":{"start":{"line":5,"column":17},"end":{"line":5,"column":52}},"3":{"start":{"line":7,"column":0},"end":{"line":31,"column":3}},"4":{"start":{"line":8,"column":2},"end":{"line":8,"column":21}},"5":{"start":{"line":10,"column":2},"end":{"line":30,"column":3}},"6":{"start":{"line":12,"column":4},"end":{"line":29,"column":40}},"7":{"start":{"line":20,"column":8},"end":{"line":22,"column":9}},"8":{"start":{"line":21,"column":10},"end":{"line":21,"column":42}},"9":{"start":{"line":23,"column":8},"end":{"line":23,"column":26}},"10":{"start":{"line":26,"column":8},"end":{"line":26,"column":65}},"11":{"start":{"line":27,"column":8},"end":{"line":27,"column":35}},"12":{"start":{"line":29,"column":22},"end":{"line":29,"column":38}},"13":{"start":{"line":33,"column":23},"end":{"line":57,"column":1}},"14":{"start":{"line":34,"column":21},"end":{"line":34,"column":39}},"15":{"start":{"line":35,"column":24},"end":{"line":35,"column":45}},"16":{"start":{"line":37,"column":16},"end":{"line":37,"column":20}},"17":{"start":{"line":39,"column":2},"end":{"line":47,"column":3}},"18":{"start":{"line":40,"column":4},"end":{"line":40,"column":46}},"19":{"start":{"line":41,"column":4},"end":{"line":41,"column":20}},"20":{"start":{"line":42,"column":9},"end":{"line":47,"column":3}},"21":{"start":{"line":43,"column":4},"end":{"line":43,"column":47}},"22":{"start":{"line":44,"column":4},"end":{"line":44,"column":20}},"23":{"start":{"line":46,"column":4},"end":{"line":46,"column":27}},"24":{"start":{"line":49,"column":2},"end":{"line":54,"column":3}},"25":{"start":{"line":50,"column":4},"end":{"line":50,"column":52}},"26":{"start":{"line":51,"column":4},"end":{"line":51,"column":20}},"27":{"start":{"line":53,"column":4},"end":{"line":53,"column":30}},"28":{"start":{"line":56,"column":2},"end":{"line":56,"column":17}},"29":{"start":{"line":59,"column":21},"end":{"line":62,"column":1}},"30":{"start":{"line":60,"column":13},"end":{"line":60,"column":60}},"31":{"start":{"line":61,"column":2},"end":{"line":61,"column":46}}},"fnMap":{"0":{"name":"(anonymous_0)","decl":{"start":{"line":7,"column":32},"end":{"line":7,"column":33}},"loc":{"start":{"line":7,"column":39},"end":{"line":31,"column":1}},"line":7},"1":{"name":"(anonymous_1)","decl":{"start":{"line":19,"column":12},"end":{"line":19,"column":13}},"loc":{"start":{"line":19,"column":21},"end":{"line":24,"column":7}},"line":19},"2":{"name":"(anonymous_2)","decl":{"start":{"line":25,"column":12},"end":{"line":25,"column":13}},"loc":{"start":{"line":25,"column":21},"end":{"line":28,"column":7}},"line":25},"3":{"name":"(anonymous_3)","decl":{"start":{"line":29,"column":13},"end":{"line":29,"column":14}},"loc":{"start":{"line":29,"column":22},"end":{"line":29,"column":38}},"line":29},"4":{"name":"(anonymous_4)","decl":{"start":{"line":33,"column":23},"end":{"line":33,"column":24}},"loc":{"start":{"line":33,"column":29},"end":{"line":57,"column":1}},"line":33},"5":{"name":"(anonymous_5)","decl":{"start":{"line":59,"column":21},"end":{"line":59,"column":22}},"loc":{"start":{"line":59,"column":32},"end":{"line":62,"column":1}},"line":59}},"branchMap":{"0":{"loc":{"start":{"line":10,"column":2},"end":{"line":30,"column":3}},"type":"if","locations":[{"start":{"line":10,"column":2},"end":{"line":30,"column":3}},{"start":{},"end":{}}],"line":10},"1":{"loc":{"start":{"line":20,"column":8},"end":{"line":22,"column":9}},"type":"if","locations":[{"start":{"line":20,"column":8},"end":{"line":22,"column":9}},{"start":{},"end":{}}],"line":20},"2":{"loc":{"start":{"line":39,"column":2},"end":{"line":47,"column":3}},"type":"if","locations":[{"start":{"line":39,"column":2},"end":{"line":47,"column":3}},{"start":{"line":42,"column":9},"end":{"line":47,"column":3}}],"line":39},"3":{"loc":{"start":{"line":42,"column":9},"end":{"line":47,"column":3}},"type":"if","locations":[{"start":{"line":42,"column":9},"end":{"line":47,"column":3}},{"start":{"line":45,"column":9},"end":{"line":47,"column":3}}],"line":42},"4":{"loc":{"start":{"line":49,"column":2},"end":{"line":54,"column":3}},"type":"if","locations":[{"start":{"line":49,"column":2},"end":{"line":54,"column":3}},{"start":{"line":52,"column":9},"end":{"line":54,"column":3}}],"line":49}},"s":{"0":0,"1":0,"2":0,"3":0,"4":0,"5":0,"6":0,"7":0,"8":0,"9":0,"10":0,"11":0,"12":0,"13":0,"14":0,"15":0,"16":0,"17":0,"18":0,"19":0,"20":0,"21":0,"22":0,"23":0,"24":0,"25":0,"26":0,"27":0,"28":0,"29":0,"30":0,"31":0},"f":{"0":0,"1":0,"2":0,"3":0,"4":0,"5":0},"b":{"0":[0,0],"1":[0,0],"2":[0,0],"3":[0,0],"4":[0,0]}}
,"C:\\Users\\Owner\\source\\repos\\Interview\\ClientServerTask\\src\\js\\register-validation.js": {"path":"C:\\Users\\Owner\\source\\repos\\Interview\\ClientServerTask\\src\\js\\register-validation.js","statementMap":{"0":{"start":{"line":3,"column":13},"end":{"line":3,"column":44}},"1":{"start":{"line":5,"column":18},"end":{"line":5,"column":49}},"2":{"start":{"line":6,"column":17},"end":{"line":6,"column":52}},"3":{"start":{"line":7,"column":14},"end":{"line":7,"column":46}},"4":{"start":{"line":8,"column":17},"end":{"line":8,"column":52}},"5":{"start":{"line":10,"column":0},"end":{"line":16,"column":3}},"6":{"start":{"line":11,"column":2},"end":{"line":11,"column":21}},"7":{"start":{"line":13,"column":2},"end":{"line":15,"column":3}},"8":{"start":{"line":14,"column":4},"end":{"line":14,"column":18}},"9":{"start":{"line":18,"column":23},"end":{"line":68,"column":1}},"10":{"start":{"line":19,"column":20},"end":{"line":19,"column":42}},"11":{"start":{"line":20,"column":24},"end":{"line":20,"column":45}},"12":{"start":{"line":21,"column":21},"end":{"line":21,"column":39}},"13":{"start":{"line":22,"column":24},"end":{"line":22,"column":45}},"14":{"start":{"line":24,"column":16},"end":{"line":24,"column":20}},"15":{"start":{"line":25,"column":2},"end":{"line":34,"column":3}},"16":{"start":{"line":26,"column":4},"end":{"line":26,"column":49}},"17":{"start":{"line":27,"column":4},"end":{"line":27,"column":20}},"18":{"start":{"line":28,"column":9},"end":{"line":34,"column":3}},"19":{"start":{"line":29,"column":4},"end":{"line":29,"column":67}},"20":{"start":{"line":30,"column":4},"end":{"line":30,"column":20}},"21":{"start":{"line":33,"column":4},"end":{"line":33,"column":31}},"22":{"start":{"line":36,"column":2},"end":{"line":46,"column":3}},"23":{"start":{"line":37,"column":4},"end":{"line":37,"column":52}},"24":{"start":{"line":38,"column":4},"end":{"line":38,"column":20}},"25":{"start":{"line":40,"column":7},"end":{"line":46,"column":3}},"26":{"start":{"line":41,"column":4},"end":{"line":41,"column":70}},"27":{"start":{"line":42,"column":4},"end":{"line":42,"column":20}},"28":{"start":{"line":45,"column":4},"end":{"line":45,"column":30}},"29":{"start":{"line":48,"column":2},"end":{"line":58,"column":3}},"30":{"start":{"line":49,"column":4},"end":{"line":49,"column":46}},"31":{"start":{"line":50,"column":4},"end":{"line":50,"column":20}},"32":{"start":{"line":52,"column":7},"end":{"line":58,"column":3}},"33":{"start":{"line":53,"column":4},"end":{"line":53,"column":47}},"34":{"start":{"line":54,"column":4},"end":{"line":54,"column":20}},"35":{"start":{"line":57,"column":4},"end":{"line":57,"column":27}},"36":{"start":{"line":60,"column":2},"end":{"line":65,"column":3}},"37":{"start":{"line":61,"column":4},"end":{"line":61,"column":52}},"38":{"start":{"line":62,"column":4},"end":{"line":62,"column":20}},"39":{"start":{"line":64,"column":4},"end":{"line":64,"column":30}},"40":{"start":{"line":67,"column":2},"end":{"line":67,"column":17}},"41":{"start":{"line":70,"column":21},"end":{"line":73,"column":1}},"42":{"start":{"line":71,"column":13},"end":{"line":71,"column":60}},"43":{"start":{"line":72,"column":2},"end":{"line":72,"column":46}}},"fnMap":{"0":{"name":"(anonymous_0)","decl":{"start":{"line":10,"column":32},"end":{"line":10,"column":33}},"loc":{"start":{"line":10,"column":39},"end":{"line":16,"column":1}},"line":10},"1":{"name":"(anonymous_1)","decl":{"start":{"line":18,"column":23},"end":{"line":18,"column":24}},"loc":{"start":{"line":18,"column":29},"end":{"line":68,"column":1}},"line":18},"2":{"name":"(anonymous_2)","decl":{"start":{"line":70,"column":21},"end":{"line":70,"column":22}},"loc":{"start":{"line":70,"column":32},"end":{"line":73,"column":1}},"line":70}},"branchMap":{"0":{"loc":{"start":{"line":13,"column":2},"end":{"line":15,"column":3}},"type":"if","locations":[{"start":{"line":13,"column":2},"end":{"line":15,"column":3}},{"start":{},"end":{}}],"line":13},"1":{"loc":{"start":{"line":25,"column":2},"end":{"line":34,"column":3}},"type":"if","locations":[{"start":{"line":25,"column":2},"end":{"line":34,"column":3}},{"start":{"line":28,"column":9},"end":{"line":34,"column":3}}],"line":25},"2":{"loc":{"start":{"line":28,"column":9},"end":{"line":34,"column":3}},"type":"if","locations":[{"start":{"line":28,"column":9},"end":{"line":34,"column":3}},{"start":{"line":32,"column":7},"end":{"line":34,"column":3}}],"line":28},"3":{"loc":{"start":{"line":36,"column":2},"end":{"line":46,"column":3}},"type":"if","locations":[{"start":{"line":36,"column":2},"end":{"line":46,"column":3}},{"start":{"line":40,"column":7},"end":{"line":46,"column":3}}],"line":36},"4":{"loc":{"start":{"line":40,"column":7},"end":{"line":46,"column":3}},"type":"if","locations":[{"start":{"line":40,"column":7},"end":{"line":46,"column":3}},{"start":{"line":44,"column":7},"end":{"line":46,"column":3}}],"line":40},"5":{"loc":{"start":{"line":48,"column":2},"end":{"line":58,"column":3}},"type":"if","locations":[{"start":{"line":48,"column":2},"end":{"line":58,"column":3}},{"start":{"line":52,"column":7},"end":{"line":58,"column":3}}],"line":48},"6":{"loc":{"start":{"line":52,"column":7},"end":{"line":58,"column":3}},"type":"if","locations":[{"start":{"line":52,"column":7},"end":{"line":58,"column":3}},{"start":{"line":56,"column":7},"end":{"line":58,"column":3}}],"line":52},"7":{"loc":{"start":{"line":60,"column":2},"end":{"line":65,"column":3}},"type":"if","locations":[{"start":{"line":60,"column":2},"end":{"line":65,"column":3}},{"start":{"line":63,"column":9},"end":{"line":65,"column":3}}],"line":60}},"s":{"0":0,"1":0,"2":0,"3":0,"4":0,"5":0,"6":0,"7":0,"8":0,"9":0,"10":0,"11":0,"12":0,"13":0,"14":0,"15":0,"16":0,"17":0,"18":0,"19":0,"20":0,"21":0,"22":0,"23":0,"24":0,"25":0,"26":0,"27":0,"28":0,"29":0,"30":0,"31":0,"32":0,"33":0,"34":0,"35":0,"36":0,"37":0,"38":0,"39":0,"40":0,"41":0,"42":0,"43":0},"f":{"0":0,"1":0,"2":0},"b":{"0":[0,0],"1":[0,0],"2":[0,0],"3":[0,0],"4":[0,0],"5":[0,0],"6":[0,0],"7":[0,0]}}
,"C:\\Users\\Owner\\source\\repos\\Interview\\ClientServerTask\\src\\repository\\userRepository.js": {"path":"C:\\Users\\Owner\\source\\repos\\Interview\\ClientServerTask\\src\\repository\\userRepository.js","statementMap":{"0":{"start":{"line":1,"column":12},"end":{"line":1,"column":37}},"1":{"start":{"line":5,"column":4},"end":{"line":5,"column":21}},"2":{"start":{"line":8,"column":13},"end":{"line":24,"column":3}},"3":{"start":{"line":9,"column":28},"end":{"line":9,"column":33}},"4":{"start":{"line":11,"column":4},"end":{"line":21,"column":5}},"5":{"start":{"line":12,"column":29},"end":{"line":14,"column":7}},"6":{"start":{"line":15,"column":6},"end":{"line":15,"column":24}},"7":{"start":{"line":16,"column":6},"end":{"line":18,"column":7}},"8":{"start":{"line":17,"column":8},"end":{"line":17,"column":33}},"9":{"start":{"line":20,"column":6},"end":{"line":20,"column":25}},"10":{"start":{"line":23,"column":4},"end":{"line":23,"column":29}},"11":{"start":{"line":26,"column":27},"end":{"line":39,"column":3}},"12":{"start":{"line":27,"column":4},"end":{"line":38,"column":5}},"13":{"start":{"line":28,"column":29},"end":{"line":30,"column":7}},"14":{"start":{"line":31,"column":6},"end":{"line":31,"column":24}},"15":{"start":{"line":32,"column":6},"end":{"line":34,"column":7}},"16":{"start":{"line":33,"column":8},"end":{"line":33,"column":64}},"17":{"start":{"line":36,"column":6},"end":{"line":36,"column":25}},"18":{"start":{"line":37,"column":6},"end":{"line":37,"column":18}},"19":{"start":{"line":41,"column":10},"end":{"line":59,"column":3}},"20":{"start":{"line":42,"column":25},"end":{"line":42,"column":30}},"21":{"start":{"line":44,"column":4},"end":{"line":56,"column":5}},"22":{"start":{"line":45,"column":29},"end":{"line":47,"column":7}},"23":{"start":{"line":49,"column":6},"end":{"line":49,"column":24}},"24":{"start":{"line":50,"column":6},"end":{"line":52,"column":7}},"25":{"start":{"line":51,"column":8},"end":{"line":51,"column":30}},"26":{"start":{"line":54,"column":6},"end":{"line":54,"column":25}},"27":{"start":{"line":55,"column":6},"end":{"line":55,"column":29}},"28":{"start":{"line":58,"column":4},"end":{"line":58,"column":26}},"29":{"start":{"line":61,"column":19},"end":{"line":78,"column":3}},"30":{"start":{"line":62,"column":31},"end":{"line":62,"column":36}},"31":{"start":{"line":64,"column":4},"end":{"line":75,"column":5}},"32":{"start":{"line":65,"column":29},"end":{"line":67,"column":7}},"33":{"start":{"line":68,"column":6},"end":{"line":70,"column":7}},"34":{"start":{"line":69,"column":8},"end":{"line":69,"column":36}},"35":{"start":{"line":71,"column":6},"end":{"line":71,"column":24}},"36":{"start":{"line":73,"column":6},"end":{"line":73,"column":25}},"37":{"start":{"line":74,"column":6},"end":{"line":74,"column":35}},"38":{"start":{"line":77,"column":4},"end":{"line":77,"column":32}},"39":{"start":{"line":81,"column":0},"end":{"line":81,"column":40}}},"fnMap":{"0":{"name":"(anonymous_0)","decl":{"start":{"line":4,"column":2},"end":{"line":4,"column":3}},"loc":{"start":{"line":4,"column":24},"end":{"line":6,"column":3}},"line":4},"1":{"name":"(anonymous_1)","decl":{"start":{"line":8,"column":13},"end":{"line":8,"column":14}},"loc":{"start":{"line":8,"column":56},"end":{"line":24,"column":3}},"line":8},"2":{"name":"(anonymous_2)","decl":{"start":{"line":26,"column":27},"end":{"line":26,"column":28}},"loc":{"start":{"line":26,"column":61},"end":{"line":39,"column":3}},"line":26},"3":{"name":"(anonymous_3)","decl":{"start":{"line":41,"column":10},"end":{"line":41,"column":11}},"loc":{"start":{"line":41,"column":51},"end":{"line":59,"column":3}},"line":41},"4":{"name":"(anonymous_4)","decl":{"start":{"line":61,"column":19},"end":{"line":61,"column":20}},"loc":{"start":{"line":61,"column":46},"end":{"line":78,"column":3}},"line":61}},"branchMap":{"0":{"loc":{"start":{"line":16,"column":6},"end":{"line":18,"column":7}},"type":"if","locations":[{"start":{"line":16,"column":6},"end":{"line":18,"column":7}},{"start":{},"end":{}}],"line":16},"1":{"loc":{"start":{"line":32,"column":6},"end":{"line":34,"column":7}},"type":"if","locations":[{"start":{"line":32,"column":6},"end":{"line":34,"column":7}},{"start":{},"end":{}}],"line":32},"2":{"loc":{"start":{"line":50,"column":6},"end":{"line":52,"column":7}},"type":"if","locations":[{"start":{"line":50,"column":6},"end":{"line":52,"column":7}},{"start":{},"end":{}}],"line":50},"3":{"loc":{"start":{"line":68,"column":6},"end":{"line":70,"column":7}},"type":"if","locations":[{"start":{"line":68,"column":6},"end":{"line":70,"column":7}},{"start":{},"end":{}}],"line":68}},"s":{"0":1,"1":8,"2":8,"3":2,"4":2,"5":2,"6":1,"7":1,"8":0,"9":1,"10":2,"11":8,"12":2,"13":2,"14":1,"15":1,"16":1,"17":2,"18":2,"19":8,"20":2,"21":2,"22":2,"23":2,"24":2,"25":0,"26":0,"27":0,"28":2,"29":8,"30":2,"31":2,"32":2,"33":2,"34":0,"35":2,"36":0,"37":0,"38":2,"39":1},"f":{"0":8,"1":2,"2":2,"3":2,"4":2},"b":{"0":[0,1],"1":[1,0],"2":[0,2],"3":[0,2]},"_coverageSchema":"1a1c01bbd47fc00a2c39e90264f33305004495a9","hash":"7cb818165aef5b381248cad5de87ad1c5f55dad4"}
,"C:\\Users\\Owner\\source\\repos\\Interview\\ClientServerTask\\src\\routes\\userRoute.js": {"path":"C:\\Users\\Owner\\source\\repos\\Interview\\ClientServerTask\\src\\routes\\userRoute.js","statementMap":{"0":{"start":{"line":1,"column":20},"end":{"line":1,"column":42}},"1":{"start":{"line":2,"column":12},"end":{"line":2,"column":26}},"2":{"start":{"line":7,"column":4},"end":{"line":7,"column":37}},"3":{"start":{"line":8,"column":27},"end":{"line":8,"column":57}},"4":{"start":{"line":10,"column":15},"end":{"line":71,"column":2}},"5":{"start":{"line":10,"column":49},"end":{"line":71,"column":1}},"6":{"start":{"line":12,"column":18},"end":{"line":12,"column":39}},"7":{"start":{"line":13,"column":48},"end":{"line":13,"column":72}},"8":{"start":{"line":15,"column":4},"end":{"line":19,"column":5}},"9":{"start":{"line":18,"column":6},"end":{"line":18,"column":74}},"10":{"start":{"line":21,"column":4},"end":{"line":31,"column":5}},"11":{"start":{"line":22,"column":6},"end":{"line":22,"column":66}},"12":{"start":{"line":23,"column":6},"end":{"line":23,"column":71}},"13":{"start":{"line":25,"column":6},"end":{"line":25,"column":25}},"14":{"start":{"line":26,"column":6},"end":{"line":30,"column":8}},"15":{"start":{"line":35,"column":18},"end":{"line":35,"column":39}},"16":{"start":{"line":36,"column":32},"end":{"line":36,"column":56}},"17":{"start":{"line":38,"column":4},"end":{"line":40,"column":5}},"18":{"start":{"line":39,"column":6},"end":{"line":39,"column":74}},"19":{"start":{"line":42,"column":4},"end":{"line":52,"column":5}},"20":{"start":{"line":43,"column":27},"end":{"line":43,"column":67}},"21":{"start":{"line":45,"column":6},"end":{"line":47,"column":9}},"22":{"start":{"line":48,"column":6},"end":{"line":48,"column":69}},"23":{"start":{"line":50,"column":6},"end":{"line":50,"column":25}},"24":{"start":{"line":51,"column":6},"end":{"line":51,"column":68}},"25":{"start":{"line":56,"column":22},"end":{"line":56,"column":40}},"26":{"start":{"line":57,"column":32},"end":{"line":57,"column":56}},"27":{"start":{"line":59,"column":4},"end":{"line":69,"column":5}},"28":{"start":{"line":60,"column":6},"end":{"line":60,"column":53}},"29":{"start":{"line":61,"column":6},"end":{"line":61,"column":57}},"30":{"start":{"line":63,"column":6},"end":{"line":63,"column":25}},"31":{"start":{"line":64,"column":6},"end":{"line":68,"column":8}},"32":{"start":{"line":73,"column":0},"end":{"line":73,"column":24}}},"fnMap":{"0":{"name":"(anonymous_0)","decl":{"start":{"line":10,"column":15},"end":{"line":10,"column":16}},"loc":{"start":{"line":10,"column":49},"end":{"line":71,"column":1}},"line":10},"1":{"name":"(anonymous_1)","decl":{"start":{"line":11,"column":20},"end":{"line":11,"column":21}},"loc":{"start":{"line":11,"column":40},"end":{"line":32,"column":3}},"line":11},"2":{"name":"(anonymous_2)","decl":{"start":{"line":34,"column":17},"end":{"line":34,"column":18}},"loc":{"start":{"line":34,"column":37},"end":{"line":53,"column":3}},"line":34},"3":{"name":"(anonymous_3)","decl":{"start":{"line":55,"column":18},"end":{"line":55,"column":19}},"loc":{"start":{"line":55,"column":38},"end":{"line":70,"column":3}},"line":55}},"branchMap":{"0":{"loc":{"start":{"line":15,"column":4},"end":{"line":19,"column":5}},"type":"if","locations":[{"start":{"line":15,"column":4},"end":{"line":19,"column":5}},{"start":{},"end":{}}],"line":15},"1":{"loc":{"start":{"line":38,"column":4},"end":{"line":40,"column":5}},"type":"if","locations":[{"start":{"line":38,"column":4},"end":{"line":40,"column":5}},{"start":{},"end":{}}],"line":38}},"s":{"0":0,"1":0,"2":0,"3":0,"4":0,"5":0,"6":0,"7":0,"8":0,"9":0,"10":0,"11":0,"12":0,"13":0,"14":0,"15":0,"16":0,"17":0,"18":0,"19":0,"20":0,"21":0,"22":0,"23":0,"24":0,"25":0,"26":0,"27":0,"28":0,"29":0,"30":0,"31":0,"32":0},"f":{"0":0,"1":0,"2":0,"3":0},"b":{"0":[0,0],"1":[0,0]}}
,"C:\\Users\\Owner\\source\\repos\\Interview\\ClientServerTask\\src\\services\\emailSenderService.js": {"path":"C:\\Users\\Owner\\source\\repos\\Interview\\ClientServerTask\\src\\services\\emailSenderService.js","statementMap":{"0":{"start":{"line":1,"column":27},"end":{"line":1,"column":46}},"1":{"start":{"line":3,"column":15},"end":{"line":5,"column":2}},"2":{"start":{"line":7,"column":15},"end":{"line":7,"column":67}},"3":{"start":{"line":9,"column":18},"end":{"line":21,"column":1}},"4":{"start":{"line":10,"column":2},"end":{"line":20,"column":3}},"5":{"start":{"line":11,"column":4},"end":{"line":16,"column":7}},"6":{"start":{"line":18,"column":4},"end":{"line":18,"column":23}},"7":{"start":{"line":19,"column":4},"end":{"line":19,"column":58}},"8":{"start":{"line":23,"column":0},"end":{"line":23,"column":30}}},"fnMap":{"0":{"name":"(anonymous_0)","decl":{"start":{"line":9,"column":18},"end":{"line":9,"column":19}},"loc":{"start":{"line":9,"column":60},"end":{"line":21,"column":1}},"line":9}},"branchMap":{},"s":{"0":0,"1":0,"2":0,"3":0,"4":0,"5":0,"6":0,"7":0,"8":0},"f":{"0":0},"b":{}}
,"C:\\Users\\Owner\\source\\repos\\Interview\\ClientServerTask\\src\\services\\userService.js": {"path":"C:\\Users\\Owner\\source\\repos\\Interview\\ClientServerTask\\src\\services\\userService.js","statementMap":{"0":{"start":{"line":1,"column":23},"end":{"line":1,"column":38}},"1":{"start":{"line":5,"column":4},"end":{"line":5,"column":41}},"2":{"start":{"line":6,"column":4},"end":{"line":6,"column":31}},"3":{"start":{"line":9,"column":13},"end":{"line":25,"column":3}},"4":{"start":{"line":10,"column":28},"end":{"line":10,"column":44}},"5":{"start":{"line":12,"column":4},"end":{"line":24,"column":5}},"6":{"start":{"line":14,"column":6},"end":{"line":20,"column":7}},"7":{"start":{"line":15,"column":8},"end":{"line":18,"column":10}},"8":{"start":{"line":19,"column":8},"end":{"line":19,"column":53}},"9":{"start":{"line":22,"column":6},"end":{"line":22,"column":25}},"10":{"start":{"line":23,"column":6},"end":{"line":23,"column":50}},"11":{"start":{"line":27,"column":10},"end":{"line":46,"column":3}},"12":{"start":{"line":28,"column":25},"end":{"line":28,"column":41}},"13":{"start":{"line":30,"column":4},"end":{"line":45,"column":5}},"14":{"start":{"line":31,"column":29},"end":{"line":35,"column":7}},"15":{"start":{"line":37,"column":6},"end":{"line":39,"column":7}},"16":{"start":{"line":38,"column":8},"end":{"line":38,"column":54}},"17":{"start":{"line":41,"column":6},"end":{"line":41,"column":26}},"18":{"start":{"line":43,"column":6},"end":{"line":43,"column":25}},"19":{"start":{"line":44,"column":6},"end":{"line":44,"column":47}},"20":{"start":{"line":48,"column":16},"end":{"line":59,"column":3}},"21":{"start":{"line":49,"column":4},"end":{"line":58,"column":5}},"22":{"start":{"line":50,"column":6},"end":{"line":54,"column":7}},"23":{"start":{"line":53,"column":8},"end":{"line":53,"column":51}},"24":{"start":{"line":56,"column":6},"end":{"line":56,"column":25}},"25":{"start":{"line":57,"column":6},"end":{"line":57,"column":18}},"26":{"start":{"line":61,"column":14},"end":{"line":63,"column":3}},"27":{"start":{"line":62,"column":4},"end":{"line":62,"column":20}},"28":{"start":{"line":66,"column":0},"end":{"line":66,"column":34}}},"fnMap":{"0":{"name":"(anonymous_0)","decl":{"start":{"line":4,"column":2},"end":{"line":4,"column":3}},"loc":{"start":{"line":4,"column":45},"end":{"line":7,"column":3}},"line":4},"1":{"name":"(anonymous_1)","decl":{"start":{"line":9,"column":13},"end":{"line":9,"column":14}},"loc":{"start":{"line":9,"column":56},"end":{"line":25,"column":3}},"line":9},"2":{"name":"(anonymous_2)","decl":{"start":{"line":27,"column":10},"end":{"line":27,"column":11}},"loc":{"start":{"line":27,"column":37},"end":{"line":46,"column":3}},"line":27},"3":{"name":"(anonymous_3)","decl":{"start":{"line":48,"column":16},"end":{"line":48,"column":17}},"loc":{"start":{"line":48,"column":43},"end":{"line":59,"column":3}},"line":48},"4":{"name":"(anonymous_4)","decl":{"start":{"line":61,"column":14},"end":{"line":61,"column":15}},"loc":{"start":{"line":61,"column":20},"end":{"line":63,"column":3}},"line":61}},"branchMap":{"0":{"loc":{"start":{"line":14,"column":6},"end":{"line":20,"column":7}},"type":"if","locations":[{"start":{"line":14,"column":6},"end":{"line":20,"column":7}},{"start":{},"end":{}}],"line":14},"1":{"loc":{"start":{"line":37,"column":6},"end":{"line":39,"column":7}},"type":"if","locations":[{"start":{"line":37,"column":6},"end":{"line":39,"column":7}},{"start":{},"end":{}}],"line":37},"2":{"loc":{"start":{"line":50,"column":6},"end":{"line":54,"column":7}},"type":"if","locations":[{"start":{"line":50,"column":6},"end":{"line":54,"column":7}},{"start":{},"end":{}}],"line":50}},"s":{"0":0,"1":0,"2":0,"3":0,"4":0,"5":0,"6":0,"7":0,"8":0,"9":0,"10":0,"11":0,"12":0,"13":0,"14":0,"15":0,"16":0,"17":0,"18":0,"19":0,"20":0,"21":0,"22":0,"23":0,"24":0,"25":0,"26":0,"27":0,"28":0},"f":{"0":0,"1":0,"2":0,"3":0,"4":0},"b":{"0":[0,0],"1":[0,0],"2":[0,0]}}
,"C:\\Users\\Owner\\source\\repos\\Interview\\ClientServerTask\\src\\util\\dataValidation.js": {"path":"C:\\Users\\Owner\\source\\repos\\Interview\\ClientServerTask\\src\\util\\dataValidation.js","statementMap":{"0":{"start":{"line":1,"column":37},"end":{"line":15,"column":1}},"1":{"start":{"line":2,"column":16},"end":{"line":2,"column":20}},"2":{"start":{"line":3,"column":2},"end":{"line":5,"column":3}},"3":{"start":{"line":4,"column":4},"end":{"line":4,"column":20}},"4":{"start":{"line":6,"column":2},"end":{"line":8,"column":3}},"5":{"start":{"line":7,"column":4},"end":{"line":7,"column":20}},"6":{"start":{"line":10,"column":2},"end":{"line":12,"column":3}},"7":{"start":{"line":11,"column":4},"end":{"line":11,"column":20}},"8":{"start":{"line":14,"column":2},"end":{"line":14,"column":17}},"9":{"start":{"line":17,"column":34},"end":{"line":28,"column":1}},"10":{"start":{"line":18,"column":16},"end":{"line":18,"column":20}},"11":{"start":{"line":19,"column":2},"end":{"line":21,"column":3}},"12":{"start":{"line":20,"column":4},"end":{"line":20,"column":20}},"13":{"start":{"line":23,"column":2},"end":{"line":25,"column":3}},"14":{"start":{"line":24,"column":4},"end":{"line":24,"column":20}},"15":{"start":{"line":27,"column":2},"end":{"line":27,"column":17}},"16":{"start":{"line":30,"column":21},"end":{"line":33,"column":1}},"17":{"start":{"line":31,"column":13},"end":{"line":31,"column":60}},"18":{"start":{"line":32,"column":2},"end":{"line":32,"column":46}},"19":{"start":{"line":35,"column":0},"end":{"line":35,"column":62}},"20":{"start":{"line":36,"column":0},"end":{"line":36,"column":68}},"21":{"start":{"line":37,"column":0},"end":{"line":37,"column":36}}},"fnMap":{"0":{"name":"(anonymous_0)","decl":{"start":{"line":1,"column":37},"end":{"line":1,"column":38}},"loc":{"start":{"line":1,"column":74},"end":{"line":15,"column":1}},"line":1},"1":{"name":"(anonymous_1)","decl":{"start":{"line":17,"column":34},"end":{"line":17,"column":35}},"loc":{"start":{"line":17,"column":55},"end":{"line":28,"column":1}},"line":17},"2":{"name":"(anonymous_2)","decl":{"start":{"line":30,"column":21},"end":{"line":30,"column":22}},"loc":{"start":{"line":30,"column":32},"end":{"line":33,"column":1}},"line":30}},"branchMap":{"0":{"loc":{"start":{"line":3,"column":2},"end":{"line":5,"column":3}},"type":"if","locations":[{"start":{"line":3,"column":2},"end":{"line":5,"column":3}},{"start":{},"end":{}}],"line":3},"1":{"loc":{"start":{"line":3,"column":6},"end":{"line":3,"column":71}},"type":"binary-expr","locations":[{"start":{"line":3,"column":6},"end":{"line":3,"column":17}},{"start":{"line":3,"column":21},"end":{"line":3,"column":36}},{"start":{"line":3,"column":40},"end":{"line":3,"column":52}},{"start":{"line":3,"column":56},"end":{"line":3,"column":71}}],"line":3},"2":{"loc":{"start":{"line":6,"column":2},"end":{"line":8,"column":3}},"type":"if","locations":[{"start":{"line":6,"column":2},"end":{"line":8,"column":3}},{"start":{},"end":{}}],"line":6},"3":{"loc":{"start":{"line":10,"column":2},"end":{"line":12,"column":3}},"type":"if","locations":[{"start":{"line":10,"column":2},"end":{"line":12,"column":3}},{"start":{},"end":{}}],"line":10},"4":{"loc":{"start":{"line":19,"column":2},"end":{"line":21,"column":3}},"type":"if","locations":[{"start":{"line":19,"column":2},"end":{"line":21,"column":3}},{"start":{},"end":{}}],"line":19},"5":{"loc":{"start":{"line":19,"column":6},"end":{"line":19,"column":37}},"type":"binary-expr","locations":[{"start":{"line":19,"column":6},"end":{"line":19,"column":18}},{"start":{"line":19,"column":22},"end":{"line":19,"column":37}}],"line":19},"6":{"loc":{"start":{"line":23,"column":2},"end":{"line":25,"column":3}},"type":"if","locations":[{"start":{"line":23,"column":2},"end":{"line":25,"column":3}},{"start":{},"end":{}}],"line":23}},"s":{"0":1,"1":5,"2":5,"3":2,"4":5,"5":3,"6":5,"7":2,"8":5,"9":1,"10":3,"11":3,"12":2,"13":3,"14":1,"15":3,"16":1,"17":13,"18":13,"19":1,"20":1,"21":1},"f":{"0":5,"1":3,"2":13},"b":{"0":[2,3],"1":[5,4,4,3],"2":[3,2],"3":[2,3],"4":[2,1],"5":[3,2],"6":[1,2]},"_coverageSchema":"1a1c01bbd47fc00a2c39e90264f33305004495a9","hash":"719c3b5351e61fbe655a9bf12e54861de84d9a03"}
,"C:\\Users\\Owner\\source\\repos\\Interview\\ClientServerTask\\src\\util\\requestUtil.js": {"path":"C:\\Users\\Owner\\source\\repos\\Interview\\ClientServerTask\\src\\util\\requestUtil.js","statementMap":{"0":{"start":{"line":1,"column":19},"end":{"line":1,"column":41}},"1":{"start":{"line":2,"column":16},"end":{"line":2,"column":34}},"2":{"start":{"line":3,"column":13},"end":{"line":3,"column":28}},"3":{"start":{"line":5,"column":19},"end":{"line":11,"column":1}},"4":{"start":{"line":6,"column":17},"end":{"line":6,"column":19}},"5":{"start":{"line":7,"column":2},"end":{"line":9,"column":3}},"6":{"start":{"line":8,"column":4},"end":{"line":8,"column":23}},"7":{"start":{"line":10,"column":2},"end":{"line":10,"column":42}},"8":{"start":{"line":13,"column":18},"end":{"line":29,"column":1}},"9":{"start":{"line":14,"column":2},"end":{"line":28,"column":3}},"10":{"start":{"line":15,"column":20},"end":{"line":15,"column":63}},"11":{"start":{"line":17,"column":6},"end":{"line":17,"column":72}},"12":{"start":{"line":18,"column":4},"end":{"line":20,"column":7}},"13":{"start":{"line":21,"column":4},"end":{"line":23,"column":6}},"14":{"start":{"line":25,"column":4},"end":{"line":25,"column":15}},"15":{"start":{"line":26,"column":4},"end":{"line":26,"column":30}},"16":{"start":{"line":27,"column":4},"end":{"line":27,"column":19}},"17":{"start":{"line":31,"column":20},"end":{"line":47,"column":1}},"18":{"start":{"line":34,"column":2},"end":{"line":40,"column":3}},"19":{"start":{"line":35,"column":4},"end":{"line":35,"column":65}},"20":{"start":{"line":36,"column":9},"end":{"line":40,"column":3}},"21":{"start":{"line":37,"column":4},"end":{"line":37,"column":59}},"22":{"start":{"line":39,"column":4},"end":{"line":39,"column":50}},"23":{"start":{"line":42,"column":2},"end":{"line":44,"column":3}},"24":{"start":{"line":43,"column":4},"end":{"line":43,"column":24}},"25":{"start":{"line":46,"column":2},"end":{"line":46,"column":18}},"26":{"start":{"line":49,"column":23},"end":{"line":67,"column":1}},"27":{"start":{"line":52,"column":2},"end":{"line":64,"column":3}},"28":{"start":{"line":54,"column":6},"end":{"line":54,"column":31}},"29":{"start":{"line":55,"column":6},"end":{"line":55,"column":12}},"30":{"start":{"line":57,"column":6},"end":{"line":57,"column":39}},"31":{"start":{"line":58,"column":6},"end":{"line":58,"column":12}},"32":{"start":{"line":60,"column":6},"end":{"line":60,"column":38}},"33":{"start":{"line":61,"column":6},"end":{"line":61,"column":12}},"34":{"start":{"line":63,"column":6},"end":{"line":63,"column":32}},"35":{"start":{"line":66,"column":2},"end":{"line":66,"column":21}},"36":{"start":{"line":69,"column":23},"end":{"line":79,"column":1}},"37":{"start":{"line":70,"column":2},"end":{"line":72,"column":5}},"38":{"start":{"line":74,"column":2},"end":{"line":78,"column":4}},"39":{"start":{"line":81,"column":0},"end":{"line":81,"column":32}},"40":{"start":{"line":82,"column":0},"end":{"line":82,"column":30}},"41":{"start":{"line":83,"column":0},"end":{"line":83,"column":34}},"42":{"start":{"line":84,"column":0},"end":{"line":84,"column":40}},"43":{"start":{"line":85,"column":0},"end":{"line":85,"column":40}}},"fnMap":{"0":{"name":"(anonymous_0)","decl":{"start":{"line":5,"column":19},"end":{"line":5,"column":20}},"loc":{"start":{"line":5,"column":34},"end":{"line":11,"column":1}},"line":5},"1":{"name":"(anonymous_1)","decl":{"start":{"line":13,"column":18},"end":{"line":13,"column":19}},"loc":{"start":{"line":13,"column":61},"end":{"line":29,"column":1}},"line":13},"2":{"name":"(anonymous_2)","decl":{"start":{"line":31,"column":20},"end":{"line":31,"column":21}},"loc":{"start":{"line":31,"column":56},"end":{"line":47,"column":1}},"line":31},"3":{"name":"(anonymous_3)","decl":{"start":{"line":49,"column":23},"end":{"line":49,"column":24}},"loc":{"start":{"line":49,"column":38},"end":{"line":67,"column":1}},"line":49},"4":{"name":"(anonymous_4)","decl":{"start":{"line":69,"column":23},"end":{"line":69,"column":24}},"loc":{"start":{"line":69,"column":53},"end":{"line":79,"column":1}},"line":69}},"branchMap":{"0":{"loc":{"start":{"line":17,"column":6},"end":{"line":17,"column":72}},"type":"cond-expr","locations":[{"start":{"line":17,"column":43},"end":{"line":17,"column":62}},{"start":{"line":17,"column":65},"end":{"line":17,"column":72}}],"line":17},"1":{"loc":{"start":{"line":18,"column":23},"end":{"line":18,"column":64}},"type":"cond-expr","locations":[{"start":{"line":18,"column":55},"end":{"line":18,"column":58}},{"start":{"line":18,"column":61},"end":{"line":18,"column":64}}],"line":18},"2":{"loc":{"start":{"line":22,"column":6},"end":{"line":22,"column":70}},"type":"cond-expr","locations":[{"start":{"line":22,"column":43},"end":{"line":22,"column":63}},{"start":{"line":22,"column":66},"end":{"line":22,"column":70}}],"line":22},"3":{"loc":{"start":{"line":34,"column":2},"end":{"line":40,"column":3}},"type":"if","locations":[{"start":{"line":34,"column":2},"end":{"line":40,"column":3}},{"start":{"line":36,"column":9},"end":{"line":40,"column":3}}],"line":34},"4":{"loc":{"start":{"line":34,"column":6},"end":{"line":34,"column":51}},"type":"binary-expr","locations":[{"start":{"line":34,"column":6},"end":{"line":34,"column":33}},{"start":{"line":34,"column":37},"end":{"line":34,"column":51}}],"line":34},"5":{"loc":{"start":{"line":36,"column":9},"end":{"line":40,"column":3}},"type":"if","locations":[{"start":{"line":36,"column":9},"end":{"line":40,"column":3}},{"start":{"line":38,"column":9},"end":{"line":40,"column":3}}],"line":36},"6":{"loc":{"start":{"line":42,"column":2},"end":{"line":44,"column":3}},"type":"if","locations":[{"start":{"line":42,"column":2},"end":{"line":44,"column":3}},{"start":{},"end":{}}],"line":42},"7":{"loc":{"start":{"line":42,"column":6},"end":{"line":42,"column":44}},"type":"binary-expr","locations":[{"start":{"line":42,"column":6},"end":{"line":42,"column":16}},{"start":{"line":42,"column":20},"end":{"line":42,"column":44}}],"line":42},"8":{"loc":{"start":{"line":52,"column":2},"end":{"line":64,"column":3}},"type":"switch","locations":[{"start":{"line":53,"column":4},"end":{"line":55,"column":12}},{"start":{"line":56,"column":4},"end":{"line":58,"column":12}},{"start":{"line":59,"column":4},"end":{"line":61,"column":12}},{"start":{"line":62,"column":4},"end":{"line":63,"column":32}}],"line":52}},"s":{"0":1,"1":1,"2":1,"3":1,"4":1,"5":1,"6":0,"7":1,"8":1,"9":3,"10":3,"11":2,"12":2,"13":2,"14":1,"15":1,"16":1,"17":1,"18":4,"19":1,"20":3,"21":2,"22":1,"23":4,"24":1,"25":4,"26":1,"27":5,"28":1,"29":1,"30":1,"31":1,"32":1,"33":1,"34":2,"35":5,"36":1,"37":1,"38":1,"39":1,"40":1,"41":1,"42":1,"43":1},"f":{"0":1,"1":3,"2":4,"3":5,"4":1},"b":{"0":[1,1],"1":[0,2],"2":[1,1],"3":[1,3],"4":[4,3],"5":[2,1],"6":[1,3],"7":[4,1],"8":[1,1,1,2]},"_coverageSchema":"1a1c01bbd47fc00a2c39e90264f33305004495a9","hash":"138031e254945f89f658a9941ec5f6b2b230c9d5"}
}
